Arguments: 
  D:\software\node\node.exe D:\Program Files (x86)\Yarn\bin\yarn.js add cherrio

PATH: 
  D:\Program Files\cmder_mini\vendor\conemu-maximus5\ConEmu\Scripts;D:\Program Files\cmder_mini\bin;D:\Program Files\cmder_mini\vendor\bin;D:\Program Files\cmder_mini\vendor\conemu-maximus5\ConEmu\Scripts;D:\Program Files\cmder_mini\vendor\conemu-maximus5;D:\Program Files\cmder_mini\vendor\conemu-maximus5\ConEmu;C:\Program Files (x86)\NetSarang\Xftp 6\;C:\app\Administrator\product\11.2.0\client_1;C:\Windows\system32;C:\Windows;C:\Windows\System32\Wbem;C:\Windows\System32\WindowsPowerShell\v1.0\;C:\Windows\System32\OpenSSH\;C:\Program Files\Git\cmd;D:\Program Files (x86)\Yarn\bin\;D:\software\nvm;D:\software\node;D:\Program Files\cmder_mini;C:\Program Files\Java\jdk1.8.0_201\bin;C:\Program Files\Java\jdk1.8.0_201\jre\bin;D:\software\apache-maven-3.3.9\bin;D:\Microsoft VS Code\bin;C:\Program Files\Docker\Docker\resources\bin;C:\ProgramData\DockerDesktop\version-bin;C:\Users\jm011442\AppData\Local\Programs\Python\Python38\Scripts\;C:\Users\jm011442\AppData\Local\Programs\Python\Python38\;C:\Users\jm011442\AppData\Local\Microsoft\WindowsApps;C:\Users\jm011442\AppData\Local\Yarn\bin;C:\Users\jm011442\.local\bin;C:\Users\jm011442\AppData\Roaming\Python\Python38\Scripts;C:\Program Files\Git\mingw64\bin;C:\Program Files\Git\usr\bin

Yarn version: 
  1.22.4

Node version: 
  12.13.1

Platform: 
  win32 x64

Trace: 
  Error: https://registry.npm.taobao.org/cherrio: Not found
      at Request.params.callback [as _callback] (D:\Program Files (x86)\Yarn\lib\cli.js:66096:18)
      at Request.self.callback (D:\Program Files (x86)\Yarn\lib\cli.js:140748:22)
      at Request.emit (events.js:210:5)
      at Request.<anonymous> (D:\Program Files (x86)\Yarn\lib\cli.js:141720:10)
      at Request.emit (events.js:210:5)
      at IncomingMessage.<anonymous> (D:\Program Files (x86)\Yarn\lib\cli.js:141642:12)
      at Object.onceWrapper (events.js:299:28)
      at IncomingMessage.emit (events.js:215:7)
      at endReadableNT (_stream_readable.js:1184:12)
      at processTicksAndRejections (internal/process/task_queues.js:80:21)

npm manifest: 
  {
    "name": "zhihu-hot",
    "version": "1.0.0",
    "description": "知乎热榜",
    "main": "index.js",
    "license": "MIT",
    "dependencies": {
      "dayjs": "^1.10.4",
      "node-fetch": "^2.6.1"
    }
  }

yarn manifest: 
  No manifest

Lockfile: 
  # THIS IS AN AUTOGENERATED FILE. DO NOT EDIT THIS FILE DIRECTLY.
  # yarn lockfile v1
  
  
  dayjs@^1.10.4:
    version "1.10.4"
    resolved "https://registry.npm.taobao.org/dayjs/download/dayjs-1.10.4.tgz?cache=0&sync_timestamp=1611309982734&other_urls=https%3A%2F%2Fregistry.npm.taobao.org%2Fdayjs%2Fdownload%2Fdayjs-1.10.4.tgz#8e544a9b8683f61783f570980a8a80eaf54ab1e2"
    integrity sha1-jlRKm4aD9heD9XCYCoqA6vVKseI=
  
  node-fetch@^2.6.1:
    version "2.6.1"
    resolved "https://registry.npm.taobao.org/node-fetch/download/node-fetch-2.6.1.tgz?cache=0&sync_timestamp=1599309667528&other_urls=https%3A%2F%2Fregistry.npm.taobao.org%2Fnode-fetch%2Fdownload%2Fnode-fetch-2.6.1.tgz#045bd323631f76ed2e2b55573394416b639a0052"
    integrity sha1-BFvTI2Mfdu0uK1VXM5RBa2OaAFI=
